<?xml version="1.0" encoding="UTF-8"?>
<!-- Generated by org.testng.reporters.JUnitReportReporter -->
<testsuite skipped="0" hostname="DESKTOP-HGGBPMG" name="JenkinSample.Jenkins.App" tests="1" failures="0" timestamp="02 Mar 2020 17:23:09 GMT" time="0.040" errors="0">
  <testcase name="test" time="0.040" classname="JenkinSample.Jenkins.App"/>
</testsuite> <!-- JenkinSample.Jenkins.App -->
